<?xml version="1.0" encoding="UTF-8"?>
<!-- Generated by org.testng.reporters.JUnitReportReporter -->
<testsuite skipped="0" hostname="Cajetan-PC" name="org.test.smplrn.swiggy.FoodSearchTest" tests="1" failures="0" timestamp="2020-12-16T17:44:18 IST" time="12.232" errors="0">
  <testcase name="findFood" time="12.232" classname="org.test.smplrn.swiggy.FoodSearchTest"/>
  <system-out/>
</testsuite> <!-- org.test.smplrn.swiggy.FoodSearchTest -->
