<?xml version="1.0" encoding="UTF-8"?>
<!-- Generated by org.testng.reporters.JUnitReportReporter -->
<testsuite skipped="0" hostname="Cajetan-PC" name="testcases.FoodSearchTest" tests="2" failures="0" timestamp="2020-12-16T22:11:07 IST" time="26.601" errors="0">
  <testcase name="findFood" time="10.541" classname="testcases.FoodSearchTest"/>
  <system-out/>
  <testcase name="findFood" time="16.060" classname="testcases.FoodSearchTest"/>
  <system-out/>
</testsuite> <!-- testcases.FoodSearchTest -->
