<?xml version="1.0" encoding="UTF-8"?>
<!-- Generated by org.testng.reporters.JUnitReportReporter -->
<testsuite skipped="1" hostname="Cajetans-MacBook-Pro.local" name="testrunner.TestRunner" tests="7" failures="0" timestamp="2020-12-20T11:46:19 IST" time="85.813" errors="0">
  <testcase name="runScenario" time="9.493" classname="testrunner.TestRunner"/>
  <system-out/>
  <testcase name="runScenario" time="13.392" classname="testrunner.TestRunner"/>
  <system-out/>
  <testcase name="runScenario" time="9.167" classname="testrunner.TestRunner"/>
  <system-out/>
  <testcase name="runScenario" time="13.074" classname="testrunner.TestRunner"/>
  <system-out/>
  <testcase name="runScenario" time="15.935" classname="testrunner.TestRunner">
    <skipped/>
  </testcase> <!-- runScenario -->
  <system-out/>
  <testcase name="runScenario" time="9.181" classname="testrunner.TestRunner"/>
  <system-out/>
  <testcase name="runScenario" time="15.571" classname="testrunner.TestRunner"/>
  <system-out/>
</testsuite> <!-- testrunner.TestRunner -->
