<?xml version="1.0" encoding="UTF-8"?>
<!-- Generated by org.testng.reporters.JUnitReportReporter -->
<testsuite skipped="0" hostname="Cajetans-MacBook-Pro.local" name="testrunner.TestRunner" tests="2" failures="0" timestamp="2020-12-19T23:00:55 IST" time="30.681" errors="0">
  <testcase name="runScenario" time="12.673" classname="testrunner.TestRunner"/>
  <system-out/>
  <testcase name="runScenario" time="18.008" classname="testrunner.TestRunner"/>
  <system-out/>
</testsuite> <!-- testrunner.TestRunner -->
