<?xml version="1.0" encoding="UTF-8"?>
<!-- Generated by org.testng.reporters.JUnitReportReporter -->
<testsuite skipped="0" hostname="Cajetan-PC" name="testcases.SignUpTest" tests="1" failures="0" timestamp="2020-12-17T03:43:24 IST" time="11.658" errors="0">
  <testcase name="testSignUp" time="11.658" classname="testcases.SignUpTest"/>
  <system-out/>
</testsuite> <!-- testcases.SignUpTest -->
