<?xml version="1.0" encoding="UTF-8"?>
<!-- Generated by org.testng.reporters.JUnitReportReporter -->
<testsuite skipped="0" hostname="Cajetan-PC" name="testcases.FoodSearchTest" tests="2" failures="0" timestamp="2020-12-17T01:28:04 IST" time="25.319" errors="0">
  <testcase name="findFood" time="12.104" classname="testcases.FoodSearchTest"/>
  <system-out/>
  <testcase name="findFood" time="13.215" classname="testcases.FoodSearchTest"/>
  <system-out/>
</testsuite> <!-- testcases.FoodSearchTest -->
