<?xml version="1.0" encoding="UTF-8"?>
<!-- Generated by org.testng.reporters.JUnitReportReporter -->
<testsuite skipped="1" hostname="Cajetans-MacBook-Pro.local" name="testrunner.TestRunner" tests="7" failures="0" timestamp="2020-12-20T12:07:07 IST" time="85.228" errors="0">
  <testcase name="runScenario" time="15.562" classname="testrunner.TestRunner"/>
  <system-out/>
  <testcase name="runScenario" time="13.578" classname="testrunner.TestRunner"/>
  <system-out/>
  <testcase name="runScenario" time="9.669" classname="testrunner.TestRunner"/>
  <system-out/>
  <testcase name="runScenario" time="8.786" classname="testrunner.TestRunner"/>
  <system-out/>
  <testcase name="runScenario" time="12.397" classname="testrunner.TestRunner"/>
  <system-out/>
  <testcase name="runScenario" time="16.617" classname="testrunner.TestRunner">
    <skipped/>
  </testcase> <!-- runScenario -->
  <system-out/>
  <testcase name="runScenario" time="8.619" classname="testrunner.TestRunner"/>
  <system-out/>
</testsuite> <!-- testrunner.TestRunner -->
